<?xml version="1.0" encoding="UTF-8"?>
<!-- Generated by org.testng.reporters.JUnitReportReporter -->
<testsuite hostname="DESKTOP-JCC3OFI" failures="0" tests="1" name="Com.kite.qa.TestCases.GooglePageTest" time="24.208" errors="0" timestamp="2022-10-18T22:15:02 IST" skipped="0">
  <testcase classname="Com.kite.qa.TestCases.GooglePageTest" name="searchText" time="24.208"/>
  <system-out/>
</testsuite> <!-- Com.kite.qa.TestCases.GooglePageTest -->
